2025-03-13 01:39:30.830603 -------------------- /en/admin/cms 
2025-03-13 01:41:18.902719 -------------------- /en/admin/cms 
2025-03-13 01:41:21.276185 -------------------- /en/test 
2025-03-13 01:41:23.921912 -------------------- /en/user/signout 
2025-03-13 01:41:23.926074 no meta for user.signout 
2025-03-13 01:41:23.930022 UserController.redirect:/ 
2025-03-13 01:41:23.946384 -------------------- /en/ 
2025-03-13 01:41:26.056779 -------------------- /en/user/signin 
2025-03-13 01:41:26.061528 no meta for user.signin 
2025-03-13 01:41:32.396737 -------------------- /en/user/signin 
2025-03-13 01:41:32.401563 no meta for user.signin 
2025-03-13 01:41:32.415960 UserController.redirect:/en/content/test 
2025-03-13 01:41:32.428759 -------------------- /en/content/test 
2025-03-13 01:41:50.485116 -------------------- /en/admin/cms 
2025-03-13 01:46:36.759997 -------------------- /en/admin/cms 
2025-03-13 01:47:12.023638 -------------------- /en/admin/user 
2025-03-13 01:47:14.566206 -------------------- /en/admin/meta 
2025-03-13 01:47:16.710107 -------------------- /en/admin/cms 
2025-03-13 01:47:22.259604 -------------------- /en/admin/report/100 
2025-03-13 01:47:25.264561 -------------------- /en/admin/report/101 
2025-03-13 01:47:27.299570 -------------------- /en/admin/report/102 
2025-03-13 01:47:29.054251 -------------------- /en/admin/report/103 
2025-03-13 01:47:30.959943 -------------------- /en/admin/report/100 
2025-03-13 01:54:57.920907 -------------------- /en/admin/report/100 
2025-03-13 01:57:38.649939 -------------------- /en/admin/report/103 
2025-03-13 01:57:38.661221 AdminController.redirect:/en/error404 
2025-03-13 01:57:38.682160 -------------------- /en/error404 
2025-03-13 01:57:38.687900 no meta for error404.index 
2025-03-13 01:57:40.851141 -------------------- /en/admin/report/102 
2025-03-13 01:57:40.860202 AdminController.redirect:/en/error404 
2025-03-13 01:57:40.871973 -------------------- /en/error404 
2025-03-13 01:57:40.876510 no meta for error404.index 
2025-03-13 01:57:42.127959 -------------------- /en/admin/report/101 
2025-03-13 01:57:42.136562 AdminController.redirect:/en/error404 
2025-03-13 01:57:42.147698 -------------------- /en/error404 
2025-03-13 01:57:42.152727 no meta for error404.index 
2025-03-13 01:57:44.545526 -------------------- /en/admin/meta 
2025-03-13 01:57:46.974563 -------------------- /en/admin/user 
2025-03-13 01:58:59.468113 -------------------- /en/admin/cms 
2025-03-13 01:59:01.409764 -------------------- /en/admin/user 
2025-03-13 01:59:05.989785 -------------------- /en/admin/user 
2025-03-13 01:59:10.739651 -------------------- /en/admin/cms 
2025-03-13 01:59:12.440056 -------------------- /en/admin/meta 
2025-03-13 01:59:14.831586 -------------------- /en/admin/user 
2025-03-13 01:59:59.191250 -------------------- /en/admin/user 
2025-03-13 02:02:04.619392 -------------------- /en/content/test 
2025-03-13 02:02:06.480340 -------------------- /en/admin/user 
2025-03-13 02:02:11.465028 -------------------- /en/admin/report/100 
2025-03-13 02:03:03.553091 -------------------- /en/admin/report/100 
2025-03-13 02:03:03.729895 -------------------- /js/jquery.query-object.js?v=20171612 
2025-03-13 02:03:03.735295 no meta for error404.index 
2025-03-13 02:03:03.736724 -------------------- /js/admin.report.100.js?v=20171612 
2025-03-13 02:03:03.741617 no meta for error404.index 
2025-03-13 02:03:11.576511 -------------------- /en/admin/user 
2025-03-13 02:03:14.716028 -------------------- /en/admin/report/100 
2025-03-13 02:03:14.803671 -------------------- /js/jquery.query-object.js?v=20171612 
2025-03-13 02:03:14.808049 no meta for error404.index 
2025-03-13 02:03:14.808845 -------------------- /js/admin.report.100.js?v=20171612 
2025-03-13 02:03:14.813222 no meta for error404.index 
2025-03-13 02:03:27.877923 -------------------- /en/admin/report/100 
2025-03-13 02:03:27.952760 -------------------- /js/jquery.query-object.js?v=20171612 
2025-03-13 02:03:27.954929 no meta for error404.index 
2025-03-13 02:03:27.959771 -------------------- /js/admin.report.100.js?v=20171612 
2025-03-13 02:03:27.961988 no meta for error404.index 
2025-03-13 02:03:30.623697 -------------------- /en/admin/user 
2025-03-13 02:04:05.215088 -------------------- /en/admin/report/100 
2025-03-13 02:04:05.349833 -------------------- /js/jquery.query-object.js?v=20171612 
2025-03-13 02:04:05.354701 no meta for error404.index 
2025-03-13 02:04:05.355463 -------------------- /js/admin.report.100.js?v=20171612 
2025-03-13 02:04:05.359546 no meta for error404.index 
2025-03-13 02:04:16.164752 -------------------- /en/admin/meta 
2025-03-13 02:04:20.326353 -------------------- /en/admin/cms 
2025-03-13 02:04:22.791990 -------------------- /en/admin/user 
2025-03-13 02:04:24.920586 -------------------- /en/admin/report/100 
2025-03-13 02:04:25.005451 -------------------- /js/jquery.query-object.js?v=20171612 
2025-03-13 02:04:25.010566 no meta for error404.index 
2025-03-13 02:04:25.011455 -------------------- /js/admin.report.100.js?v=20171612 
2025-03-13 02:04:25.016478 no meta for error404.index 
2025-03-13 02:04:29.494574 -------------------- /en/admin/user 
2025-03-13 02:04:46.680187 -------------------- /en/admin/report/100 
2025-03-13 02:04:46.766601 -------------------- /js/jquery.query-object.js?v=20171612 
2025-03-13 02:04:46.770786 no meta for error404.index 
2025-03-13 02:04:46.771632 -------------------- /js/admin.report.100.js?v=20171612 
2025-03-13 02:04:46.776019 no meta for error404.index 
2025-03-13 02:04:48.288357 -------------------- /en/admin/report/100 
2025-03-13 02:04:48.373224 -------------------- /js/jquery.query-object.js?v=20171612 
2025-03-13 02:04:48.377494 no meta for error404.index 
2025-03-13 02:04:48.378170 -------------------- /js/admin.report.100.js?v=20171612 
2025-03-13 02:04:48.382555 no meta for error404.index 
2025-03-13 02:04:53.414938 -------------------- /en/admin/user 
2025-03-13 02:04:56.360552 -------------------- /en/admin/report/100 
2025-03-13 02:04:56.449191 -------------------- /js/jquery.query-object.js?v=20171612 
2025-03-13 02:04:56.453895 no meta for error404.index 
2025-03-13 02:04:56.457793 -------------------- /js/admin.report.100.js?v=20171612 
2025-03-13 02:04:56.462694 no meta for error404.index 
2025-03-13 02:05:26.250222 -------------------- /en/admin/report/100 
2025-03-13 02:05:26.369340 -------------------- /js/jquery.query-object.js?v=20171612 
2025-03-13 02:05:26.373503 no meta for error404.index 
2025-03-13 02:05:26.374302 -------------------- /js/admin.report.100.js?v=20171612 
2025-03-13 02:05:26.378362 no meta for error404.index 
2025-03-13 02:05:48.599067 -------------------- /en/admin/report/100 
2025-03-13 02:05:48.677827 -------------------- /js/jquery.query-object.js?v=20171612 
2025-03-13 02:05:48.681988 no meta for error404.index 
2025-03-13 02:05:48.687032 -------------------- /js/admin.report.100.js?v=20171612 
2025-03-13 02:05:48.691646 no meta for error404.index 
2025-03-13 02:05:56.255147 -------------------- /en/admin/user 
2025-03-13 02:06:01.249546 -------------------- /en/admin/report/100 
2025-03-13 02:06:01.334743 -------------------- /js/jquery.query-object.js?v=20171612 
2025-03-13 02:06:01.339443 no meta for error404.index 
2025-03-13 02:06:01.348672 -------------------- /js/admin.report.100.js?v=20171612 
2025-03-13 02:06:01.353289 no meta for error404.index 
2025-03-13 02:06:37.129013 -------------------- /en/admin/report/100 
2025-03-13 02:06:37.248914 -------------------- /js/jquery.query-object.js?v=20171612 
2025-03-13 02:06:37.254035 no meta for error404.index 
2025-03-13 02:06:37.257759 -------------------- /js/admin.report.100.js?v=20171612 
2025-03-13 02:06:37.262577 no meta for error404.index 
2025-03-13 02:07:16.702608 -------------------- /en/admin/report/100 
2025-03-13 02:07:16.836771 -------------------- /js/jquery.query-object.js?v=20171612 
2025-03-13 02:07:16.847341 no meta for error404.index 
2025-03-13 02:07:35.659756 -------------------- /en/admin/report/100 
2025-03-13 02:07:35.772380 -------------------- /js/jquery.query-object.js?v=20171612 
2025-03-13 02:07:35.777483 no meta for error404.index 
2025-03-13 02:07:51.581599 -------------------- /en/admin/report/100 
2025-03-13 02:07:51.829008 -------------------- /js/jquery.query-object.js?v=20171612 
2025-03-13 02:07:51.833155 no meta for error404.index 
2025-03-13 02:10:53.126853 -------------------- /en/admin/report/100 
2025-03-13 02:11:05.632177 -------------------- /en/admin/user 
2025-03-13 02:11:08.435397 -------------------- /en/admin/report/100 
2025-03-13 02:11:38.053228 -------------------- /en/admin/report/100 
2025-03-13 02:11:41.803235 -------------------- /en/admin/report/100 
2025-03-13 02:13:34.684647 -------------------- /en/admin/report/100 
2025-03-13 02:14:00.332047 -------------------- /en/admin/report/100 
2025-03-13 02:14:05.851021 -------------------- /en/admin/user 
2025-03-13 02:14:25.421352 -------------------- /en/admin/report/100 
2025-03-13 02:14:28.356062 -------------------- /en/admin/report/100 
2025-03-13 02:14:35.810304 -------------------- /en/admin/report/100 
2025-03-13 02:15:04.178091 -------------------- /en/admin/report/100 
2025-03-13 02:15:09.997569 -------------------- /en/admin/user 
2025-03-13 02:15:12.600907 -------------------- /en/admin/report/100 
2025-03-13 02:15:22.803449 -------------------- /en/admin/report/100 
2025-03-13 02:15:26.880770 -------------------- /en/admin/user 
2025-03-13 02:15:58.446749 -------------------- /en/admin/user 
2025-03-13 02:16:14.696439 -------------------- /en/admin/user 
2025-03-13 02:16:18.161042 -------------------- /en/admin/report/100 
2025-03-13 02:16:35.878197 -------------------- /en/admin/report/100 
2025-03-13 02:16:37.690112 -------------------- /en/admin/user 
2025-03-13 02:16:40.254346 -------------------- /en/admin/report/100 
2025-03-13 02:16:43.027527 -------------------- /en/admin/user 
2025-03-13 02:16:50.465784 -------------------- /en/admin/user 
2025-03-13 02:16:53.207787 -------------------- /en/admin/report/100 
2025-03-13 02:16:54.488566 -------------------- /en/admin/report/100 
2025-03-13 02:17:39.693367 -------------------- /en/admin/report/100 
2025-03-13 02:17:43.233444 -------------------- /en/admin/user 
2025-03-13 02:17:45.750398 -------------------- /en/admin/report/100 
2025-03-13 02:17:48.399718 -------------------- /en/admin/cms 
2025-03-13 02:17:50.577501 -------------------- /en/admin/report/100 
2025-03-13 02:17:52.996150 -------------------- /en/admin/cms 
2025-03-13 02:17:53.964940 -------------------- /en/admin/user 
2025-03-13 02:17:58.962304 -------------------- /en/admin/report/100 
2025-03-13 02:18:16.504302 -------------------- /en/admin/report/100 
2025-03-13 02:18:40.260110 -------------------- /en/admin/report/100 
2025-03-13 02:18:42.795454 -------------------- /en/admin/report/100 
2025-03-13 02:18:45.186702 -------------------- /en/admin/user 
2025-03-13 02:18:46.676487 -------------------- /en/admin/report/100 
2025-03-13 02:18:53.407860 -------------------- /en/admin/cms 
2025-03-13 02:20:23.714012 -------------------- /en/admin/cms 
2025-03-13 02:20:26.411037 -------------------- /en/admin/cms 
2025-03-13 02:20:56.632469 -------------------- /en/admin/cms 
2025-03-13 02:21:55.676098 -------------------- /en/admin/cms 
2025-03-13 02:21:58.106055 -------------------- /en/admin/cms 
2025-03-13 02:23:23.363298 -------------------- /en/admin/cms 
2025-03-13 02:23:33.779915 -------------------- /en 
2025-03-13 02:23:35.604392 -------------------- /en/user/home 
2025-03-13 02:23:35.609339 no meta for user.home 
2025-03-13 02:23:36.937039 -------------------- /en/admin 
2025-03-13 02:23:36.947338 AdminController.redirect:/en/admin/user 
2025-03-13 02:23:36.971407 -------------------- /en/admin/user 
2025-03-13 02:23:39.326089 -------------------- /en/admin/report/100 
2025-03-13 02:23:41.498798 -------------------- /en/admin/user 
2025-03-13 02:23:42.916599 -------------------- /en/admin/cms 
2025-03-13 02:23:49.249011 -------------------- /en/admin/cms 
2025-03-13 02:24:18.253175 -------------------- /en/admin/cms 
2025-03-13 02:24:18.267841 0:name 
2025-03-13 02:24:18.268224 en:textarea 
2025-03-13 02:24:18.268403 es:textarea 
2025-03-13 02:24:26.210428 -------------------- /en/admin/cms 
2025-03-13 02:24:31.399682 -------------------- /en/admin/cms 
2025-03-13 02:24:31.414275 0:name 
2025-03-13 02:24:31.414538 en:textarea 
2025-03-13 02:24:31.414672 es:textarea 
2025-03-13 02:24:35.712904 -------------------- /en/admin/cms 
2025-03-13 02:24:53.777050 -------------------- /en/admin/cms 
2025-03-13 02:24:53.789471 0:name 
2025-03-13 02:24:53.789656 en:textarea 
2025-03-13 02:24:53.789742 es:textarea 
2025-03-13 02:24:57.345028 -------------------- /en/admin/user 
2025-03-13 02:24:59.121559 -------------------- /en/admin/cms 
2025-03-13 02:25:01.456894 -------------------- /en/admin/cms 
2025-03-13 02:25:08.430360 -------------------- /en/admin/meta 
2025-03-13 02:25:09.756065 -------------------- /en/admin/user 
2025-03-13 02:25:11.842077 -------------------- /en/admin/report/100 
2025-03-13 02:25:13.467313 -------------------- /en 
2025-03-13 02:25:15.387839 -------------------- /en/user/profile 
2025-03-13 02:25:16.501895 -------------------- /en/test 
2025-03-13 02:25:18.410062 -------------------- /en/test 
2025-03-13 02:25:19.456696 -------------------- /en/user/profile 
2025-03-13 02:25:20.974890 -------------------- /en/user/home 
2025-03-13 02:25:20.979702 no meta for user.home 
2025-03-13 02:25:22.105633 -------------------- /en/admin 
2025-03-13 02:25:22.115083 AdminController.redirect:/en/admin/user 
2025-03-13 02:25:22.131673 -------------------- /en/admin/user 
2025-03-13 02:25:27.991974 -------------------- /en 
2025-03-13 02:26:00.466427 -------------------- /en/user/home 
2025-03-13 02:26:00.470614 no meta for user.home 
2025-03-13 02:26:01.601444 -------------------- /en/user/profile 
2025-03-13 02:26:02.748821 -------------------- /en/test 
2025-03-13 02:26:04.123342 -------------------- /en/user/home 
2025-03-13 02:26:04.127623 no meta for user.home 
2025-03-13 02:26:05.366388 -------------------- /en/user/profile 
2025-03-13 02:26:06.237038 -------------------- /en/test 
2025-03-13 02:26:07.900500 -------------------- /en/user/home 
2025-03-13 02:26:07.904792 no meta for user.home 
2025-03-13 02:26:09.666418 -------------------- /en/about 
2025-03-13 02:26:10.877337 -------------------- /en/contact 
2025-03-13 02:26:12.244166 -------------------- /en/terms 
2025-03-13 02:26:13.264946 -------------------- /en/privacy 
2025-03-13 02:26:16.285838 -------------------- /en/test 
2025-03-13 02:26:18.377033 -------------------- /en/admin 
2025-03-13 02:26:18.386352 AdminController.redirect:/en/admin/user 
2025-03-13 02:26:18.404988 -------------------- /en/admin/user 
2025-03-13 02:26:24.136575 -------------------- /en/user/home 
2025-03-13 02:26:24.141020 no meta for user.home 
2025-03-13 02:47:20.071395 -------------------- /en/user/profile 
2025-03-13 02:47:21.262153 -------------------- /en/test 
2025-03-13 02:47:22.873811 -------------------- /en/user/home 
2025-03-13 02:47:22.878086 no meta for user.home 
2025-03-13 02:47:51.281337 -------------------- /en/user/home 
2025-03-13 02:47:51.285851 no meta for user.home 
